#
# There is insufficient memory for the Java Runtime Environment to continue.
# Native memory allocation (malloc) failed to allocate 204112 bytes for Chunk::new
# Possible reasons:
#   The system is out of physical RAM or swap space
#   In 32 bit mode, the process size limit was hit
# Possible solutions:
#   Reduce memory load on the system
#   Increase physical memory or swap space
#   Check if swap backing store is full
#   Use 64 bit Java on a 64 bit OS
#   Decrease Java heap size (-Xmx/-Xms)
#   Decrease number of Java threads
#   Decrease Java thread stack sizes (-Xss)
#   Set larger code cache with -XX:ReservedCodeCacheSize=
# This output file may be truncated or incomplete.
#
#  Out of Memory Error (allocation.cpp:390), pid=44700, tid=0x000000000000acec
#
# JRE version: OpenJDK Runtime Environment (8.0_76-b03) (build 1.8.0_76-release-b03)
# Java VM: OpenJDK 64-Bit Server VM (25.76-b03 mixed mode windows-amd64 compressed oops)
# Failed to write core dump. Minidumps are not enabled by default on client versions of Windows
#

---------------  T H R E A D  ---------------

Current thread (0x00000000061df000):  JavaThread "C2 CompilerThread1" daemon [_thread_in_native, id=44268, stack(0x00000000578c0000,0x00000000579c0000)]

Stack: [0x00000000578c0000,0x00000000579c0000]
[error occurred during error reporting (printing stack bounds), id 0xc0000005]

Native frames: (J=compiled Java code, j=interpreted, Vv=VM code, C=native code)


Current CompileTask:
C2:    402  505       4       com.android.dx.ssa.SsaBasicBlock::forEachInsn (37 bytes)


---------------  P R O C E S S  ---------------

Java Threads: ( => current thread )
  0x0000000007958000 JavaThread "pool-1-thread-4" [_thread_blocked, id=45352, stack(0x0000000057ca0000,0x0000000057da0000)]
  0x0000000007954000 JavaThread "pool-1-thread-3" [_thread_blocked, id=46780, stack(0x0000000058070000,0x0000000058170000)]
  0x0000000007951800 JavaThread "pool-1-thread-2" [_thread_blocked, id=46328, stack(0x0000000057eb0000,0x0000000057fb0000)]
  0x0000000007950800 JavaThread "pool-2-thread-1" [_thread_blocked, id=46532, stack(0x00000000070e0000,0x00000000071e0000)]
  0x000000000794c000 JavaThread "pool-1-thread-1" [_thread_in_Java, id=46308, stack(0x0000000057750000,0x0000000057850000)]
  0x0000000007680800 JavaThread "Service Thread" daemon [_thread_blocked, id=45964, stack(0x0000000057b80000,0x0000000057c80000)]
  0x0000000007674000 JavaThread "C1 CompilerThread2" daemon [_thread_blocked, id=46924, stack(0x0000000057a20000,0x0000000057b20000)]
=>0x00000000061df000 JavaThread "C2 CompilerThread1" daemon [_thread_in_native, id=44268, stack(0x00000000578c0000,0x00000000579c0000)]
  0x000000000766b000 JavaThread "C2 CompilerThread0" daemon [_thread_in_native, id=46900, stack(0x0000000007ac0000,0x0000000007bc0000)]
  0x0000000007669800 JavaThread "Attach Listener" daemon [_thread_blocked, id=46480, stack(0x0000000057650000,0x0000000057750000)]
  0x0000000007668800 JavaThread "Signal Dispatcher" daemon [_thread_blocked, id=46832, stack(0x0000000057510000,0x0000000057610000)]
  0x00000000061b7000 JavaThread "Finalizer" daemon [_thread_blocked, id=46608, stack(0x0000000007560000,0x0000000007660000)]
  0x000000000616f800 JavaThread "Reference Handler" daemon [_thread_blocked, id=45868, stack(0x0000000007390000,0x0000000007490000)]
  0x000000000041e800 JavaThread "main" [_thread_in_Java, id=45628, stack(0x00000000025b0000,0x00000000026b0000)]

Other Threads:
  0x0000000006168000 VMThread [stack: 0x00000000071e0000,0x00000000072e0000] [id=46456]
  0x0000000007683000 WatcherThread [stack: 0x0000000057db0000,0x0000000057eb0000] [id=46888]

VM state:not at safepoint (normal execution)

VM Mutex/Monitor currently owned by a thread: None

Heap:
 PSYoungGen      total 38400K, used 15982K [0x00000000eab00000, 0x00000000ed580000, 0x0000000100000000)
  eden space 33280K, 48% used [0x00000000eab00000,0x00000000eba9b950,0x00000000ecb80000)
  from space 5120K, 0% used [0x00000000ed080000,0x00000000ed080000,0x00000000ed580000)
  to   space 5120K, 0% used [0x00000000ecb80000,0x00000000ecb80000,0x00000000ed080000)
 ParOldGen       total 87552K, used 0K [0x00000000c0000000, 0x00000000c5580000, 0x00000000eab00000)
  object space 87552K, 0% used [0x00000000c0000000,0x00000000c0000000,0x00000000c5580000)
 Metaspace       used 5620K, capacity 6640K, committed 6784K, reserved 1056768K
  class space    used 573K, capacity 616K, committed 640K, reserved 1048576K

Card table byte_map: [0x0000000002b20000,0x0000000002d30000] byte_map_base: 0x0000000002520000

Marking Bits: (ParMarkBitMap*) 0x00000000083b9d00
 Begin Bits: [0x00000000035e0000, 0x00000000045e0000)
 End Bits:   [0x00000000045e0000, 0x00000000055e0000)

Polling page: 0x0000000000130000

CodeCache: size=245760Kb used=2038Kb max_used=2049Kb free=243721Kb
 bounds [0x0000000008440000, 0x00000000086b0000, 0x0000000017440000]
 total_blobs=699 nmethods=429 adapters=184
 compilation: enabled

Compilation events (10 events):
Event: 0.371 Thread 0x000000000766b000 nmethod 491 0x000000000863c0d0 code [0x000000000863c220, 0x000000000863c318]
Event: 0.371 Thread 0x00000000061df000 nmethod 483 0x0000000008640350 code [0x00000000086404a0, 0x00000000086407f8]
Event: 0.371 Thread 0x00000000061df000  495       4       java.util.AbstractCollection::<init> (5 bytes)
Event: 0.371 Thread 0x00000000061df000 nmethod 495 0x0000000008640ad0 code [0x0000000008640c00, 0x0000000008640c58]
Event: 0.371 Thread 0x00000000061df000  498       4       java.util.ArrayList::iterator (10 bytes)
Event: 0.372 Thread 0x000000000766b000  499       4       java.util.BitSet::get (69 bytes)
Event: 0.372 Thread 0x00000000061df000 nmethod 498 0x000000000863bdd0 code [0x000000000863bf20, 0x000000000863c008]
Event: 0.372 Thread 0x000000000766b000 nmethod 499 0x0000000008640090 code [0x00000000086401c0, 0x0000000008640278]
Event: 0.380 Thread 0x00000000061df000  505       4       com.android.dx.ssa.SsaBasicBlock::forEachInsn (37 bytes)
Event: 0.382 Thread 0x000000000766b000  506       4       com.android.dx.ssa.NormalSsaInsn::accept (25 bytes)

GC Heap History (0 events):
No events

Deoptimization events (1 events):
Event: 0.379 Thread 0x000000000041e800 Uncommon trap: reason=unstable_if action=reinterpret pc=0x000000000863d3e0 method=java.util.BitSet.nextSetBit(I)I @ 87

Internal exceptions (2 events):
Event: 0.022 Thread 0x000000000041e800 Exception <a 'java/lang/NoSuchMethodError': Method sun.misc.Unsafe.defineClass(Ljava/lang/String;[BII)Ljava/lang/Class; name or signature does not match> (0x00000000eab07cc0) thrown at [C:\src\android\AOSP-openjdk\external\jetbrains\jdk\hotspot\src\share\v¾x<“A¡–?
Event: 0.022 Thread 0x000000000041e800 Exception <a 'java/lang/NoSuchMethodError': Method sun.misc.Unsafe.prefetchRead(Ljava/lang/Object;J)V name or signature does not match> (0x00000000eab07fa8) thrown at [C:\src\android\AOSP-openjdk\external\jetbrains\jdk\hotspot\src\share\vm\prims\jni.cpp, l

Events (10 events):
Event: 0.338 loading class com/android/dx/dex/file/MethodAnnotationStruct done
Event: 0.340 loading class com/android/dx/ssa/back/FirstFitLocalCombiningAllocator$Multiset
Event: 0.340 loading class com/android/dx/ssa/back/FirstFitLocalCombiningAllocator$Multiset done
Event: 0.348 loading class com/android/dx/rop/cst/CstEnumRef
Event: 0.348 loading class com/android/dx/rop/cst/CstEnumRef done
Event: 0.352 loading class java/util/DualPivotQuicksort
Event: 0.353 loading class java/util/DualPivotQuicksort done
Event: 0.378 Thread 0x000000000041e800 Uncommon trap: trap_request=0xffffff65 fr.pc=0x000000000863d3e0
Event: 0.379 Thread 0x000000000041e800 DEOPT PACKING pc=0x000000000863d3e0 sp=0x00000000026ae8b0
Event: 0.379 Thread 0x000000000041e800 DEOPT UNPACKING pc=0x000000000848556a sp=0x00000000026ae848 mode 2


Dynamic libraries:
0x000000013f120000 - 0x000000013f151000 	C:\sofrware\Android\Android Studio\jre\bin\java.exe
0x0000000077660000 - 0x0000000077809000 	C:\Windows\SYSTEM32\ntdll.dll
0x0000000077440000 - 0x000000007755f000 	C:\Windows\system32\kernel32.dll
0x000007fefd7d0000 - 0x000007fefd83b000 	C:\Windows\system32\KERNELBASE.dll
0x000007fefe390000 - 0x000007fefe46b000 	C:\Windows\system32\ADVAPI32.dll
0x000007fefdfb0000 - 0x000007fefe04f000 	C:\Windows\system32\msvcrt.dll
0x000007feff710000 - 0x000007feff72f000 	C:\Windows\SYSTEM32\sechost.dll
0x000007fefe130000 - 0x000007fefe25d000 	C:\Windows\system32\RPCRT4.dll
0x0000000077560000 - 0x000000007765a000 	C:\Windows\system32\USER32.dll
0x000007fefdf40000 - 0x000007fefdfa7000 	C:\Windows\system32\GDI32.dll
0x000007fefe050000 - 0x000007fefe05e000 	C:\Windows\system32\LPK.dll
0x000007fefe060000 - 0x000007fefe129000 	C:\Windows\system32\USP10.dll
0x000007fefc080000 - 0x000007fefc274000 	C:\Windows\WinSxS\amd64_microsoft.windows.common-controls_6595b64144ccf1df_6.0.7601.17514_none_fa396087175ac9ac\COMCTL32.dll
0x000007feff690000 - 0x000007feff701000 	C:\Windows\system32\SHLWAPI.dll
0x000007feff940000 - 0x000007feff96e000 	C:\Windows\system32\IMM32.DLL
0x000007fefe280000 - 0x000007fefe389000 	C:\Windows\system32\MSCTF.dll
0x000000006f440000 - 0x000000006f512000 	C:\sofrware\Android\Android Studio\jre\jre\bin\msvcr100.dll
0x0000000007c00000 - 0x0000000008434000 	C:\sofrware\Android\Android Studio\jre\jre\bin\server\jvm.dll
0x000007fefae10000 - 0x000007fefae19000 	C:\Windows\system32\WSOCK32.dll
0x000007fefdbe0000 - 0x000007fefdc2d000 	C:\Windows\system32\WS2_32.dll
0x000007fefe7f0000 - 0x000007fefe7f8000 	C:\Windows\system32\NSI.dll
0x000007fef9570000 - 0x000007fef95ab000 	C:\Windows\system32\WINMM.dll
0x000007fefc710000 - 0x000007fefc71c000 	C:\Windows\system32\VERSION.dll
0x0000000077830000 - 0x0000000077837000 	C:\Windows\system32\PSAPI.DLL
0x000007fefae00000 - 0x000007fefae0f000 	C:\sofrware\Android\Android Studio\jre\jre\bin\verify.dll
0x000007fefac00000 - 0x000007fefac29000 	C:\sofrware\Android\Android Studio\jre\jre\bin\java.dll
0x000007fefa530000 - 0x000007fefa546000 	C:\sofrware\Android\Android Studio\jre\jre\bin\zip.dll
0x000007fefe900000 - 0x000007feff688000 	C:\Windows\system32\SHELL32.dll
0x000007feff730000 - 0x000007feff933000 	C:\Windows\system32\ole32.dll
0x000007fefd5b0000 - 0x000007fefd5bf000 	C:\Windows\system32\profapi.dll

VM Arguments:
jvm_args: -Djava.awt.headless=true -Xmx1024M -Dfile.encoding=GBK -Duser.country=CN -Duser.language=zh -Duser.variant 
java_command: com.android.dx.command.Main --dex --num-threads=4 --output C:\sofrware\workspace\VRmc\app\build\intermediates\pre-dexed\debug\greendao-1.3.7_3b39ab38ba2d2acef3bc4e1c495e4855f95ca793.jar C:\Users\raytine\.gradle\caches\modules-2\files-2.1\de.greenrobot\greendao\1.3.7\dda08161d004c4df96938da6909f1c2b96cd33c8\greendao-1.3.7.jar
java_class_path (initial): C:\sofrware\Android\sdk\build-tools\23.0.3\lib\dx.jar
Launcher Type: SUN_STANDARD

Environment Variables:
PATH=C:\Program Files\Java\jdk1.8.0_121\bin;C:\Windows\system32;C:\Windows;C:\Windows\System32\Wbem;C:\Windows\System32\WindowsPowerShell\v1.0\;C:\Program Files (x86)\NVIDIA Corporation\PhysX\Common;C:\Program Files\TortoiseSVN\bin;C:\Program Files\VisualSVN Server\bin
USERNAME=raytine
OS=Windows_NT
PROCESSOR_IDENTIFIER=Intel64 Family 6 Model 94 Stepping 3, GenuineIntel



---------------  S Y S T E M  ---------------

OS: Windows 7 , 64 bit Build 7601 (6.1.7601.17514)

CPU:total 4 (4 cores per cpu, 1 threads per core) family 6 model 94 stepping 3, cmov, cx8, fxsr, mmx, sse, sse2, sse3, ssse3, sse4.1, sse4.2, popcnt, avx, avx2, aes, clmul, erms, rtm, 3dnowpref, lzcnt, tsc, tscinvbit, bmi1, bmi2, adx

Memory: 4k page, physical 8339628k(769984k free), swap 10434936k(5116k free)

vm_info: OpenJDK 64-Bit Server VM (25.76-b03) for windows-amd64 JRE (1.8.0_76-release-b03), built on Jun 29 2016 19:09:20 by "ralucas" with MS VC++ 10.0 (VS2010)

time: Wed Mar 15 18:29:36 2017
elapsed time: 0 seconds (0d 0h 0m 0s)

