#
# There is insufficient memory for the Java Runtime Environment to continue.
# Native memory allocation (malloc) failed to allocate 32744 bytes for ChunkPool::allocate
# Possible reasons:
#   The system is out of physical RAM or swap space
#   In 32 bit mode, the process size limit was hit
# Possible solutions:
#   Reduce memory load on the system
#   Increase physical memory or swap space
#   Check if swap backing store is full
#   Use 64 bit Java on a 64 bit OS
#   Decrease Java heap size (-Xmx/-Xms)
#   Decrease number of Java threads
#   Decrease Java thread stack sizes (-Xss)
#   Set larger code cache with -XX:ReservedCodeCacheSize=
# This output file may be truncated or incomplete.
#
#  Out of Memory Error (allocation.cpp:273), pid=46856, tid=0x000000000000b544
#
# JRE version: OpenJDK Runtime Environment (8.0_76-b03) (build 1.8.0_76-release-b03)
# Java VM: OpenJDK 64-Bit Server VM (25.76-b03 mixed mode windows-amd64 compressed oops)
# Failed to write core dump. Minidumps are not enabled by default on client versions of Windows
#

---------------  T H R E A D  ---------------

Current thread (0x0000000007744000):  JavaThread "C1 CompilerThread2" daemon [_thread_in_native, id=46404, stack(0x0000000057a00000,0x0000000057b00000)]

Stack: [0x0000000057a00000,0x0000000057b00000]
[error occurred during error reporting (printing stack bounds), id 0xc0000005]

Native frames: (J=compiled Java code, j=interpreted, Vv=VM code, C=native code)


Current CompileTask:
C1:    369  193   !   3      
[error occurred during error reporting (printing current compile task), id 0xe0000001]


---------------  P R O C E S S  ---------------

Java Threads: ( => current thread )
  0x000000000792c000 JavaThread "pool-1-thread-4" [_thread_in_Java, id=46628, stack(0x0000000058460000,0x0000000058560000)]
  0x0000000007929000 JavaThread "pool-1-thread-3" [_thread_blocked, id=46464, stack(0x0000000057f00000,0x0000000058000000)]
  0x0000000007927000 JavaThread "pool-1-thread-2" [_thread_blocked, id=47100, stack(0x0000000058250000,0x0000000058350000)]
  0x0000000007926000 JavaThread "pool-2-thread-1" [_thread_blocked, id=47088, stack(0x0000000058090000,0x0000000058190000)]
  0x0000000007920000 JavaThread "pool-1-thread-1" [_thread_blocked, id=46648, stack(0x0000000057720000,0x0000000057820000)]
  0x0000000007750800 JavaThread "Service Thread" daemon [_thread_blocked, id=46428, stack(0x0000000057c10000,0x0000000057d10000)]
=>0x0000000007744000 JavaThread "C1 CompilerThread2" daemon [_thread_in_native, id=46404, stack(0x0000000057a00000,0x0000000057b00000)]
  0x000000000622f000 JavaThread "C2 CompilerThread1" daemon [_thread_blocked, id=46340, stack(0x00000000578c0000,0x00000000579c0000)]
  0x000000000773b000 JavaThread "C2 CompilerThread0" daemon [_thread_blocked, id=47060, stack(0x00000000575f0000,0x00000000576f0000)]
  0x0000000007739800 JavaThread "Attach Listener" daemon [_thread_blocked, id=46588, stack(0x0000000057450000,0x0000000057550000)]
  0x0000000007738800 JavaThread "Signal Dispatcher" daemon [_thread_blocked, id=44292, stack(0x0000000007500000,0x0000000007600000)]
  0x0000000006207000 JavaThread "Finalizer" daemon [_thread_blocked, id=46752, stack(0x0000000007630000,0x0000000007730000)]
  0x00000000061bf800 JavaThread "Reference Handler" daemon [_thread_blocked, id=46912, stack(0x00000000073a0000,0x00000000074a0000)]
  0x000000000273e800 JavaThread "main" [_thread_in_Java, id=46248, stack(0x0000000002a40000,0x0000000002b40000)]

Other Threads:
  0x00000000061b8000 VMThread [stack: 0x0000000007220000,0x0000000007320000] [id=19524]
  0x0000000007753000 WatcherThread [stack: 0x0000000057df0000,0x0000000057ef0000] [id=4380]

VM state:not at safepoint (normal execution)

VM Mutex/Monitor currently owned by a thread: None

Heap:
 PSYoungGen      total 38400K, used 7988K [0x00000000eab00000, 0x00000000ed580000, 0x0000000100000000)
  eden space 33280K, 24% used [0x00000000eab00000,0x00000000eb2cd338,0x00000000ecb80000)
  from space 5120K, 0% used [0x00000000ed080000,0x00000000ed080000,0x00000000ed580000)
  to   space 5120K, 0% used [0x00000000ecb80000,0x00000000ecb80000,0x00000000ed080000)
 ParOldGen       total 87552K, used 0K [0x00000000c0000000, 0x00000000c5580000, 0x00000000eab00000)
  object space 87552K, 0% used [0x00000000c0000000,0x00000000c0000000,0x00000000c5580000)
 Metaspace       used 4005K, capacity 5168K, committed 5376K, reserved 1056768K
  class space    used 437K, capacity 488K, committed 512K, reserved 1048576K

Card table byte_map: [0x0000000002f00000,0x0000000003110000] byte_map_base: 0x0000000002900000

Marking Bits: (ParMarkBitMap*) 0x00000000083b9d00
 Begin Bits: [0x0000000003630000, 0x0000000004630000)
 End Bits:   [0x0000000004630000, 0x0000000005630000)

Polling page: 0x0000000000130000

CodeCache: size=245760Kb used=1420Kb max_used=1420Kb free=244339Kb
 bounds [0x0000000008440000, 0x00000000086b0000, 0x0000000017440000]
 total_blobs=448 nmethods=192 adapters=170
 compilation: enabled

Compilation events (10 events):
Event: 0.366 Thread 0x0000000007744000 nmethod 187 0x000000000859e850 code [0x000000000859ea40, 0x000000000859f328]
Event: 0.367 Thread 0x0000000007744000  191       3       java.util.HashMap::putVal (300 bytes)
Event: 0.367 Thread 0x0000000007744000 nmethod 191 0x00000000085a1750 code [0x00000000085a19c0, 0x00000000085a2c38]
Event: 0.367 Thread 0x0000000007744000  188       3       com.android.dx.util.ByteArray$MyInputStream::read (40 bytes)
Event: 0.367 Thread 0x0000000007744000 nmethod 188 0x000000000859e250 code [0x000000000859e3c0, 0x000000000859e670]
Event: 0.367 Thread 0x0000000007744000  189       3       com.android.dx.util.ByteArray::access$100 (6 bytes)
Event: 0.368 Thread 0x0000000007744000 nmethod 189 0x00000000085a3310 code [0x00000000085a3480, 0x00000000085a3650]
Event: 0.368 Thread 0x0000000007744000  190       3       com.android.dx.util.MutabilityControl::throwIfImmutable (18 bytes)
Event: 0.368 Thread 0x0000000007744000 nmethod 190 0x00000000085a37d0 code [0x00000000085a3940, 0x00000000085a3ba8]
Event: 0.368 Thread 0x0000000007744000  193   !   3       com.android.dx.cf.cst.ConstantPoolParser::parse0 (731 bytes)

GC Heap History (0 events):
No events

Deoptimization events (0 events):
No events

Internal exceptions (8 events):
Event: 0.047 Thread 0x000000000273e800 Exception <a 'java/lang/NoSuchMethodError': Method sun.misc.Unsafe.defineClass(Ljava/lang/String;[BII)Ljava/lang/Class; name or signature does not match> (0x00000000eab07cc0) thrown at [C:\src\android\AOSP-openjdk\external\jetbrains\jdk\hotspot\src\share\v\›8yÇë§?
Event: 0.047 Thread 0x000000000273e800 Exception <a 'java/lang/NoSuchMethodError': Method sun.misc.Unsafe.prefetchRead(Ljava/lang/Object;J)V name or signature does not match> (0x00000000eab07fa8) thrown at [C:\src\android\AOSP-openjdk\external\jetbrains\jdk\hotspot\src\share\vm\prims\jni.cpp, l€CF$H×?
Event: 0.364 Thread 0x000000000273e800 Exception <a 'java/lang/OutOfMemoryError'> (0x00000000eaf2b5a8) thrown at [C:\src\android\AOSP-openjdk\external\jetbrains\jdk\hotspot\src\share\vm\prims\jni.cpp, line 735]
Event: 0.364 Thread 0x000000000273e800 Exception <a 'java/lang/OutOfMemoryError'> (0x00000000eaf2b5a8) thrown at [C:\src\android\AOSP-openjdk\external\jetbrains\jdk\hotspot\src\share\vm\prims\jvm.cpp, line 1390]
Event: 0.366 Thread 0x000000000273e800 Exception <a 'java/lang/OutOfMemoryError'> (0x00000000eaf38b38) thrown at [C:\src\android\AOSP-openjdk\external\jetbrains\jdk\hotspot\src\share\vm\prims\jni.cpp, line 735]
Event: 0.366 Thread 0x000000000273e800 Exception <a 'java/lang/OutOfMemoryError'> (0x00000000eaf38b38) thrown at [C:\src\android\AOSP-openjdk\external\jetbrains\jdk\hotspot\src\share\vm\prims\jvm.cpp, line 1390]
Event: 0.368 Thread 0x000000000273e800 Exception <a 'java/lang/OutOfMemoryError'> (0x00000000eaf45b98) thrown at [C:\src\android\AOSP-openjdk\external\jetbrains\jdk\hotspot\src\share\vm\prims\jni.cpp, line 735]
Event: 0.368 Thread 0x000000000273e800 Exception <a 'java/lang/OutOfMemoryError'> (0x00000000eaf45b98) thrown at [C:\src\android\AOSP-openjdk\external\jetbrains\jdk\hotspot\src\share\vm\prims\jvm.cpp, line 1390]

Events (10 events):
Event: 0.318 loading class com/android/dx/dex/file/IdItem
Event: 0.318 loading class com/android/dx/dex/file/IdItem done
Event: 0.319 loading class com/android/dx/dex/file/ValueEncoder
Event: 0.319 loading class com/android/dx/dex/file/ValueEncoder done
Event: 0.364 loading class java/security/PrivilegedActionException
Event: 0.364 loading class java/security/PrivilegedActionException done
Event: 0.366 loading class com/android/dx/dex/file/ValueEncoder
Event: 0.366 loading class com/android/dx/dex/file/ValueEncoder done
Event: 0.368 loading class com/android/dx/dex/file/ValueEncoder
Event: 0.368 loading class com/android/dx/dex/file/ValueEncoder done


Dynamic libraries:
0x000000013f120000 - 0x000000013f151000 	C:\sofrware\Android\Android Studio\jre\bin\java.exe
0x0000000077660000 - 0x0000000077809000 	C:\Windows\SYSTEM32\ntdll.dll
0x0000000077440000 - 0x000000007755f000 	C:\Windows\system32\kernel32.dll
0x000007fefd7d0000 - 0x000007fefd83b000 	C:\Windows\system32\KERNELBASE.dll
0x000007fefe390000 - 0x000007fefe46b000 	C:\Windows\system32\ADVAPI32.dll
0x000007fefdfb0000 - 0x000007fefe04f000 	C:\Windows\system32\msvcrt.dll
0x000007feff710000 - 0x000007feff72f000 	C:\Windows\SYSTEM32\sechost.dll
0x000007fefe130000 - 0x000007fefe25d000 	C:\Windows\system32\RPCRT4.dll
0x0000000077560000 - 0x000000007765a000 	C:\Windows\system32\USER32.dll
0x000007fefdf40000 - 0x000007fefdfa7000 	C:\Windows\system32\GDI32.dll
0x000007fefe050000 - 0x000007fefe05e000 	C:\Windows\system32\LPK.dll
0x000007fefe060000 - 0x000007fefe129000 	C:\Windows\system32\USP10.dll
0x000007fefc080000 - 0x000007fefc274000 	C:\Windows\WinSxS\amd64_microsoft.windows.common-controls_6595b64144ccf1df_6.0.7601.17514_none_fa396087175ac9ac\COMCTL32.dll
0x000007feff690000 - 0x000007feff701000 	C:\Windows\system32\SHLWAPI.dll
0x000007feff940000 - 0x000007feff96e000 	C:\Windows\system32\IMM32.DLL
0x000007fefe280000 - 0x000007fefe389000 	C:\Windows\system32\MSCTF.dll
0x000000006f440000 - 0x000000006f512000 	C:\sofrware\Android\Android Studio\jre\jre\bin\msvcr100.dll
0x0000000007c00000 - 0x0000000008434000 	C:\sofrware\Android\Android Studio\jre\jre\bin\server\jvm.dll
0x000007fefae10000 - 0x000007fefae19000 	C:\Windows\system32\WSOCK32.dll
0x000007fefdbe0000 - 0x000007fefdc2d000 	C:\Windows\system32\WS2_32.dll
0x000007fefe7f0000 - 0x000007fefe7f8000 	C:\Windows\system32\NSI.dll
0x000007fef9570000 - 0x000007fef95ab000 	C:\Windows\system32\WINMM.dll
0x000007fefc710000 - 0x000007fefc71c000 	C:\Windows\system32\VERSION.dll
0x0000000077830000 - 0x0000000077837000 	C:\Windows\system32\PSAPI.DLL
0x000007fefae00000 - 0x000007fefae0f000 	C:\sofrware\Android\Android Studio\jre\jre\bin\verify.dll
0x000007fefac00000 - 0x000007fefac29000 	C:\sofrware\Android\Android Studio\jre\jre\bin\java.dll
0x000007fefa530000 - 0x000007fefa546000 	C:\sofrware\Android\Android Studio\jre\jre\bin\zip.dll
0x000007fefe900000 - 0x000007feff688000 	C:\Windows\system32\SHELL32.dll
0x000007feff730000 - 0x000007feff933000 	C:\Windows\system32\ole32.dll
0x000007fefd5b0000 - 0x000007fefd5bf000 	C:\Windows\system32\profapi.dll

VM Arguments:
jvm_args: -Djava.awt.headless=true -Xmx1024M -Dfile.encoding=GBK -Duser.country=CN -Duser.language=zh -Duser.variant 
java_command: com.android.dx.command.Main --dex --num-threads=4 --output C:\sofrware\workspace\VRmc\app\build\intermediates\pre-dexed\debug\butterknife-annotations-8.4.0_fa5e341a89c45bb4f11846027f75dcf60b7655a3.jar C:\Users\raytine\.gradle\caches\modules-2\files-2.1\com.jakewharton\butterknife-annotations\8.4.0\ea392375cf9ff59234a82e7928a204215ccc98cd\butterknife-annotations-8.4.0.jar
java_class_path (initial): C:\sofrware\Android\sdk\build-tools\23.0.3\lib\dx.jar
Launcher Type: SUN_STANDARD

Environment Variables:
PATH=C:\Program Files\Java\jdk1.8.0_121\bin;C:\Windows\system32;C:\Windows;C:\Windows\System32\Wbem;C:\Windows\System32\WindowsPowerShell\v1.0\;C:\Program Files (x86)\NVIDIA Corporation\PhysX\Common;C:\Program Files\TortoiseSVN\bin;C:\Program Files\VisualSVN Server\bin
USERNAME=raytine
OS=Windows_NT
PROCESSOR_IDENTIFIER=Intel64 Family 6 Model 94 Stepping 3, GenuineIntel



---------------  S Y S T E M  ---------------

OS: Windows 7 , 64 bit Build 7601 (6.1.7601.17514)

CPU:total 4 (4 cores per cpu, 1 threads per core) family 6 model 94 stepping 3, cmov, cx8, fxsr, mmx, sse, sse2, sse3, ssse3, sse4.1, sse4.2, popcnt, avx, avx2, aes, clmul, erms, rtm, 3dnowpref, lzcnt, tsc, tscinvbit, bmi1, bmi2, adx

Memory: 4k page, physical 8339628k(780384k free), swap 10434936k(5068k free)

vm_info: OpenJDK 64-Bit Server VM (25.76-b03) for windows-amd64 JRE (1.8.0_76-release-b03), built on Jun 29 2016 19:09:20 by "ralucas" with MS VC++ 10.0 (VS2010)

time: Wed Mar 15 18:29:36 2017
elapsed time: 0 seconds (0d 0h 0m 0s)

