#
# There is insufficient memory for the Java Runtime Environment to continue.
# Native memory allocation (malloc) failed to allocate 651136 bytes for Chunk::new
# Possible reasons:
#   The system is out of physical RAM or swap space
#   In 32 bit mode, the process size limit was hit
# Possible solutions:
#   Reduce memory load on the system
#   Increase physical memory or swap space
#   Check if swap backing store is full
#   Use 64 bit Java on a 64 bit OS
#   Decrease Java heap size (-Xmx/-Xms)
#   Decrease number of Java threads
#   Decrease Java thread stack sizes (-Xss)
#   Set larger code cache with -XX:ReservedCodeCacheSize=
# This output file may be truncated or incomplete.
#
#  Out of Memory Error (allocation.cpp:390), pid=44396, tid=0x000000000000ace0
#
# JRE version: OpenJDK Runtime Environment (8.0_76-b03) (build 1.8.0_76-release-b03)
# Java VM: OpenJDK 64-Bit Server VM (25.76-b03 mixed mode windows-amd64 compressed oops)
# Failed to write core dump. Minidumps are not enabled by default on client versions of Windows
#

---------------  T H R E A D  ---------------

Current thread (0x0000000007679800):  JavaThread "C2 CompilerThread1" daemon [_thread_in_native, id=44256, stack(0x00000000576f0000,0x00000000577f0000)]

Stack: [0x00000000576f0000,0x00000000577f0000]
[error occurred during error reporting (printing stack bounds), id 0xc0000005]

Native frames: (J=compiled Java code, j=interpreted, Vv=VM code, C=native code)


Current CompileTask:
C2:    538 1229   !   4       com.android.dx.cf.code.BytecodeArray::parseInstruction (2764 bytes)


---------------  P R O C E S S  ---------------

Java Threads: ( => current thread )
  0x000000000784d800 JavaThread "pool-1-thread-4" [_thread_blocked, id=46004, stack(0x00000000582c0000,0x00000000583c0000)]
  0x0000000007849000 JavaThread "pool-1-thread-3" [_thread_in_Java, id=44308, stack(0x00000000580f0000,0x00000000581f0000)]
  0x0000000007839800 JavaThread "pool-1-thread-2" [_thread_blocked, id=40904, stack(0x0000000057f00000,0x0000000058000000)]
  0x0000000007834000 JavaThread "pool-2-thread-1" [_thread_blocked, id=43288, stack(0x0000000057c80000,0x0000000057d80000)]
  0x000000000782c000 JavaThread "pool-1-thread-1" [_thread_blocked, id=45748, stack(0x0000000057ab0000,0x0000000057bb0000)]
  0x00000000076ee000 JavaThread "Service Thread" daemon [_thread_blocked, id=43576, stack(0x0000000007ae0000,0x0000000007be0000)]
  0x000000000767a800 JavaThread "C1 CompilerThread2" daemon [_thread_blocked, id=45000, stack(0x0000000007020000,0x0000000007120000)]
=>0x0000000007679800 JavaThread "C2 CompilerThread1" daemon [_thread_in_native, id=44256, stack(0x00000000576f0000,0x00000000577f0000)]
  0x000000000633e000 JavaThread "C2 CompilerThread0" daemon [_thread_in_native, id=43204, stack(0x0000000007460000,0x0000000007560000)]
  0x000000000766b000 JavaThread "Attach Listener" daemon [_thread_blocked, id=41400, stack(0x00000000575b0000,0x00000000576b0000)]
  0x0000000007669800 JavaThread "Signal Dispatcher" daemon [_thread_blocked, id=45928, stack(0x0000000057490000,0x0000000057590000)]
  0x000000000631a000 JavaThread "Finalizer" daemon [_thread_blocked, id=45428, stack(0x0000000007560000,0x0000000007660000)]
  0x00000000062d3000 JavaThread "Reference Handler" daemon [_thread_blocked, id=44644, stack(0x0000000007310000,0x0000000007410000)]
  0x000000000257e800 JavaThread "main" [_thread_in_native, id=43388, stack(0x0000000002870000,0x0000000002970000)]

Other Threads:
  0x00000000062cb800 VMThread [stack: 0x0000000007150000,0x0000000007250000] [id=43792]
  0x0000000007718800 WatcherThread [stack: 0x0000000057880000,0x0000000057980000] [id=44672]

VM state:not at safepoint (normal execution)

VM Mutex/Monitor currently owned by a thread: None

Heap:
 PSYoungGen      total 38400K, used 25968K [0x00000000eab00000, 0x00000000ef600000, 0x0000000100000000)
  eden space 33280K, 62% used [0x00000000eab00000,0x00000000ebf62318,0x00000000ecb80000)
  from space 5120K, 99% used [0x00000000ecb80000,0x00000000ed07a048,0x00000000ed080000)
  to   space 5120K, 0% used [0x00000000ef100000,0x00000000ef100000,0x00000000ef600000)
 ParOldGen       total 87552K, used 2474K [0x00000000c0000000, 0x00000000c5580000, 0x00000000eab00000)
  object space 87552K, 2% used [0x00000000c0000000,0x00000000c026abd0,0x00000000c5580000)
 Metaspace       used 5963K, capacity 7024K, committed 7296K, reserved 1056768K
  class space    used 566K, capacity 616K, committed 640K, reserved 1048576K

Card table byte_map: [0x0000000002d30000,0x0000000002f40000] byte_map_base: 0x0000000002730000

Marking Bits: (ParMarkBitMap*) 0x00000000083b9d00
 Begin Bits: [0x0000000003740000, 0x0000000004740000)
 End Bits:   [0x0000000004740000, 0x0000000005740000)

Polling page: 0x00000000004b0000

CodeCache: size=245760Kb used=5514Kb max_used=5514Kb free=240245Kb
 bounds [0x0000000008440000, 0x00000000089b0000, 0x0000000017440000]
 total_blobs=1609 nmethods=1346 adapters=177
 compilation: enabled

Compilation events (10 events):
Event: 0.535 Thread 0x000000000767a800 nmethod 1353 0x00000000089a52d0 code [0x00000000089a5460, 0x00000000089a5788]
Event: 0.535 Thread 0x000000000767a800 1355       2       com.android.dx.cf.code.ConcreteMethod::getMaxStack (8 bytes)
Event: 0.535 Thread 0x000000000767a800 nmethod 1355 0x00000000089a5950 code [0x00000000089a5aa0, 0x00000000089a5bf0]
Event: 0.535 Thread 0x000000000767a800 1356       2       java.util.HashMap::afterNodeAccess (1 bytes)
Event: 0.535 Thread 0x000000000767a800 nmethod 1356 0x00000000089a5c90 code [0x00000000089a5de0, 0x00000000089a5f30]
Event: 0.536 Thread 0x000000000767a800 1357       2       com.android.dx.rop.annotation.Annotation::<init> (54 bytes)
Event: 0.537 Thread 0x000000000767a800 nmethod 1357 0x00000000089a5f90 code [0x00000000089a6120, 0x00000000089a6458]
Event: 0.537 Thread 0x000000000767a800 1359       2       com.android.dx.cf.code.RopperMachine::updateReturnOp (115 bytes)
Event: 0.537 Thread 0x000000000767a800 nmethod 1359 0x00000000089a65d0 code [0x00000000089a67e0, 0x00000000089a6e98]
Event: 0.537 Thread 0x000000000767a800 1358       2       com.android.dx.dex.file.AnnotationItem::<init> (41 bytes)

GC Heap History (2 events):
Event: 0.389 GC heap before
{Heap before GC invocations=1 (full 0):
 PSYoungGen      total 38400K, used 33280K [0x00000000eab00000, 0x00000000ed580000, 0x0000000100000000)
  eden space 33280K, 100% used [0x00000000eab00000,0x00000000ecb80000,0x00000000ecb80000)
  from space 5120K, 0% used [0x00000000ed080000,0x00000000ed080000,0x00000000ed580000)
  to   space 5120K, 0% used [0x00000000ecb80000,0x00000000ecb80000,0x00000000ed080000)
 ParOldGen       total 87552K, used 0K [0x00000000c0000000, 0x00000000c5580000, 0x00000000eab00000)
  object space 87552K, 0% used [0x00000000c0000000,0x00000000c0000000,0x00000000c5580000)
 Metaspace       used 5745K, capacity 6832K, committed 7040K, reserved 1056768K
  class space    used 564K, capacity 616K, committed 640K, reserved 1048576K
Event: 0.398 GC heap after
Heap after GC invocations=1 (full 0):
 PSYoungGen      total 38400K, used 5096K [0x00000000eab00000, 0x00000000ef600000, 0x0000000100000000)
  eden space 33280K, 0% used [0x00000000eab00000,0x00000000eab00000,0x00000000ecb80000)
  from space 5120K, 99% used [0x00000000ecb80000,0x00000000ed07a048,0x00000000ed080000)
  to   space 5120K, 0% used [0x00000000ef100000,0x00000000ef100000,0x00000000ef600000)
 ParOldGen       total 87552K, used 2474K [0x00000000c0000000, 0x00000000c5580000, 0x00000000eab00000)
  object space 87552K, 2% used [0x00000000c0000000,0x00000000c026abd0,0x00000000c5580000)
 Metaspace       used 5745K, capacity 6832K, committed 7040K, reserved 1056768K
  class space    used 564K, capacity 616K, committed 640K, reserved 1048576K
}

Deoptimization events (10 events):
Event: 0.363 Thread 0x000000000782c000 Uncommon trap: reason=null_check action=make_not_entrant pc=0x0000000008722698 method=com.android.dx.rop.type.Type.equals(Ljava/lang/Object;)Z @ 8
Event: 0.367 Thread 0x000000000782c000 Uncommon trap: reason=class_check action=maybe_recompile pc=0x0000000008834f70 method=com.android.dx.cf.code.BytecodeArray.parseInstruction(ILcom/android/dx/cf/code/BytecodeArray$Visitor;)I @ 1258
Event: 0.367 Thread 0x000000000782c000 Uncommon trap: reason=class_check action=maybe_recompile pc=0x0000000008834f70 method=com.android.dx.cf.code.BytecodeArray.parseInstruction(ILcom/android/dx/cf/code/BytecodeArray$Visitor;)I @ 1258
Event: 0.367 Thread 0x000000000782c000 Uncommon trap: reason=class_check action=maybe_recompile pc=0x0000000008834f70 method=com.android.dx.cf.code.BytecodeArray.parseInstruction(ILcom/android/dx/cf/code/BytecodeArray$Visitor;)I @ 1258
Event: 0.367 Thread 0x000000000782c000 Uncommon trap: reason=class_check action=maybe_recompile pc=0x0000000008834f70 method=com.android.dx.cf.code.BytecodeArray.parseInstruction(ILcom/android/dx/cf/code/BytecodeArray$Visitor;)I @ 1258
Event: 0.405 Thread 0x000000000782c000 Uncommon trap: reason=unstable_if action=reinterpret pc=0x000000000883cce8 method=com.android.dx.cf.code.Ropper.labelToResultIndex(I)I @ 34
Event: 0.469 Thread 0x0000000007839800 Uncommon trap: reason=unstable_if action=reinterpret pc=0x00000000085dde04 method=com.android.dx.rop.cst.Constant.compareTo(Lcom/android/dx/rop/cst/Constant;)I @ 12
Event: 0.521 Thread 0x000000000782c000 Uncommon trap: reason=bimorphic action=maybe_recompile pc=0x000000000870d5c8 method=java.util.HashMap.putVal(ILjava/lang/Object;Ljava/lang/Object;ZZ)Ljava/lang/Object; @ 91
Event: 0.521 Thread 0x000000000782c000 Uncommon trap: reason=bimorphic action=maybe_recompile pc=0x000000000870d5c8 method=java.util.HashMap.putVal(ILjava/lang/Object;Ljava/lang/Object;ZZ)Ljava/lang/Object; @ 91
Event: 0.521 Thread 0x000000000782c000 Uncommon trap: reason=bimorphic action=maybe_recompile pc=0x000000000870d5c8 method=java.util.HashMap.putVal(ILjava/lang/Object;Ljava/lang/Object;ZZ)Ljava/lang/Object; @ 91

Internal exceptions (3 events):
Event: 0.016 Thread 0x000000000257e800 Exception <a 'java/lang/NoSuchMethodError': Method sun.misc.Unsafe.defineClass(Ljava/lang/String;[BII)Ljava/lang/Class; name or signature does not match> (0x00000000eab07cc0) thrown at [C:\src\android\AOSP-openjdk\external\jetbrains\jdk\hotspot\src\share\vÙaﬂ ‘Xê?
Event: 0.016 Thread 0x000000000257e800 Exception <a 'java/lang/NoSuchMethodError': Method sun.misc.Unsafe.prefetchRead(Ljava/lang/Object;J)V name or signature does not match> (0x00000000eab07fa8) thrown at [C:\src\android\AOSP-openjdk\external\jetbrains\jdk\hotspot\src\share\vm\prims\jni.cpp, l`F∏ømB◊?
Event: 0.363 Thread 0x000000000782c000 Implicit null exception at 0x0000000008722592 to 0x000000000872268a

Events (10 events):
Event: 0.521 Thread 0x000000000782c000 DEOPT PACKING pc=0x000000000870d5c8 sp=0x0000000057bae670
Event: 0.521 Thread 0x000000000782c000 DEOPT UNPACKING pc=0x000000000848556a sp=0x0000000057bae5f8 mode 2
Event: 0.521 Thread 0x000000000782c000 Uncommon trap: trap_request=0xffffffc6 fr.pc=0x000000000870d5c8
Event: 0.521 Thread 0x000000000782c000 DEOPT PACKING pc=0x000000000870d5c8 sp=0x0000000057bae670
Event: 0.521 Thread 0x000000000782c000 DEOPT UNPACKING pc=0x000000000848556a sp=0x0000000057bae5f8 mode 2
Event: 0.521 Thread 0x000000000782c000 Uncommon trap: trap_request=0xffffffc6 fr.pc=0x000000000870d5c8
Event: 0.521 Thread 0x000000000782c000 DEOPT PACKING pc=0x000000000870d5c8 sp=0x0000000057bae670
Event: 0.521 Thread 0x000000000782c000 DEOPT UNPACKING pc=0x000000000848556a sp=0x0000000057bae5f8 mode 2
Event: 0.523 Executing VM operation: ForceSafepoint
Event: 0.523 Executing VM operation: ForceSafepoint done


Dynamic libraries:
0x000000013f120000 - 0x000000013f151000 	C:\sofrware\Android\Android Studio\jre\bin\java.exe
0x0000000077660000 - 0x0000000077809000 	C:\Windows\SYSTEM32\ntdll.dll
0x0000000077440000 - 0x000000007755f000 	C:\Windows\system32\kernel32.dll
0x000007fefd7d0000 - 0x000007fefd83b000 	C:\Windows\system32\KERNELBASE.dll
0x000007fefe390000 - 0x000007fefe46b000 	C:\Windows\system32\ADVAPI32.dll
0x000007fefdfb0000 - 0x000007fefe04f000 	C:\Windows\system32\msvcrt.dll
0x000007feff710000 - 0x000007feff72f000 	C:\Windows\SYSTEM32\sechost.dll
0x000007fefe130000 - 0x000007fefe25d000 	C:\Windows\system32\RPCRT4.dll
0x0000000077560000 - 0x000000007765a000 	C:\Windows\system32\USER32.dll
0x000007fefdf40000 - 0x000007fefdfa7000 	C:\Windows\system32\GDI32.dll
0x000007fefe050000 - 0x000007fefe05e000 	C:\Windows\system32\LPK.dll
0x000007fefe060000 - 0x000007fefe129000 	C:\Windows\system32\USP10.dll
0x000007fefc080000 - 0x000007fefc274000 	C:\Windows\WinSxS\amd64_microsoft.windows.common-controls_6595b64144ccf1df_6.0.7601.17514_none_fa396087175ac9ac\COMCTL32.dll
0x000007feff690000 - 0x000007feff701000 	C:\Windows\system32\SHLWAPI.dll
0x000007feff940000 - 0x000007feff96e000 	C:\Windows\system32\IMM32.DLL
0x000007fefe280000 - 0x000007fefe389000 	C:\Windows\system32\MSCTF.dll
0x000000006f440000 - 0x000000006f512000 	C:\sofrware\Android\Android Studio\jre\jre\bin\msvcr100.dll
0x0000000007c00000 - 0x0000000008434000 	C:\sofrware\Android\Android Studio\jre\jre\bin\server\jvm.dll
0x000007fefae10000 - 0x000007fefae19000 	C:\Windows\system32\WSOCK32.dll
0x000007fefdbe0000 - 0x000007fefdc2d000 	C:\Windows\system32\WS2_32.dll
0x000007fefe7f0000 - 0x000007fefe7f8000 	C:\Windows\system32\NSI.dll
0x000007fef9570000 - 0x000007fef95ab000 	C:\Windows\system32\WINMM.dll
0x000007fefc710000 - 0x000007fefc71c000 	C:\Windows\system32\VERSION.dll
0x0000000077830000 - 0x0000000077837000 	C:\Windows\system32\PSAPI.DLL
0x000007fefae00000 - 0x000007fefae0f000 	C:\sofrware\Android\Android Studio\jre\jre\bin\verify.dll
0x000007fefac00000 - 0x000007fefac29000 	C:\sofrware\Android\Android Studio\jre\jre\bin\java.dll
0x000007fefa530000 - 0x000007fefa546000 	C:\sofrware\Android\Android Studio\jre\jre\bin\zip.dll
0x000007fefe900000 - 0x000007feff688000 	C:\Windows\system32\SHELL32.dll
0x000007feff730000 - 0x000007feff933000 	C:\Windows\system32\ole32.dll
0x000007fefd5b0000 - 0x000007fefd5bf000 	C:\Windows\system32\profapi.dll

VM Arguments:
jvm_args: -Djava.awt.headless=true -Xmx1024M -Dfile.encoding=GBK -Duser.country=CN -Duser.language=zh -Duser.variant 
java_command: com.android.dx.command.Main --dex --num-threads=4 --output C:\sofrware\workspace\VRmc\app\build\intermediates\pre-dexed\debug\debug_b5b6e58399b7d7c7f875935a19413594ff4bf91e.jar C:\sofrware\workspace\VRmc\app\build\intermediates\classes\debug
java_class_path (initial): C:\sofrware\Android\sdk\build-tools\23.0.3\lib\dx.jar
Launcher Type: SUN_STANDARD

Environment Variables:
PATH=C:\Program Files\Java\jdk1.8.0_121\bin;C:\Windows\system32;C:\Windows;C:\Windows\System32\Wbem;C:\Windows\System32\WindowsPowerShell\v1.0\;C:\Program Files (x86)\NVIDIA Corporation\PhysX\Common;C:\Program Files\TortoiseSVN\bin;C:\Program Files\VisualSVN Server\bin
USERNAME=raytine
OS=Windows_NT
PROCESSOR_IDENTIFIER=Intel64 Family 6 Model 94 Stepping 3, GenuineIntel



---------------  S Y S T E M  ---------------

OS: Windows 7 , 64 bit Build 7601 (6.1.7601.17514)

CPU:total 4 (4 cores per cpu, 1 threads per core) family 6 model 94 stepping 3, cmov, cx8, fxsr, mmx, sse, sse2, sse3, ssse3, sse4.1, sse4.2, popcnt, avx, avx2, aes, clmul, erms, rtm, 3dnowpref, lzcnt, tsc, tscinvbit, bmi1, bmi2, adx

Memory: 4k page, physical 8339628k(379268k free), swap 10434936k(5404k free)

vm_info: OpenJDK 64-Bit Server VM (25.76-b03) for windows-amd64 JRE (1.8.0_76-release-b03), built on Jun 29 2016 19:09:20 by "ralucas" with MS VC++ 10.0 (VS2010)

time: Wed Mar 15 18:22:07 2017
elapsed time: 0 seconds (0d 0h 0m 0s)

