#
# There is insufficient memory for the Java Runtime Environment to continue.
# Native memory allocation (malloc) failed to allocate 32744 bytes for ChunkPool::allocate
# Possible reasons:
#   The system is out of physical RAM or swap space
#   In 32 bit mode, the process size limit was hit
# Possible solutions:
#   Reduce memory load on the system
#   Increase physical memory or swap space
#   Check if swap backing store is full
#   Use 64 bit Java on a 64 bit OS
#   Decrease Java heap size (-Xmx/-Xms)
#   Decrease number of Java threads
#   Decrease Java thread stack sizes (-Xss)
#   Set larger code cache with -XX:ReservedCodeCacheSize=
# This output file may be truncated or incomplete.
#
#  Out of Memory Error (allocation.cpp:273), pid=46768, tid=0x000000000000b608
#
# JRE version: OpenJDK Runtime Environment (8.0_76-b03) (build 1.8.0_76-release-b03)
# Java VM: OpenJDK 64-Bit Server VM (25.76-b03 mixed mode windows-amd64 compressed oops)
# Failed to write core dump. Minidumps are not enabled by default on client versions of Windows
#

---------------  T H R E A D  ---------------

Current thread (0x0000000007428000):  JavaThread "C1 CompilerThread2" daemon [_thread_in_native, id=46600, stack(0x00000000576e0000,0x00000000577e0000)]

Stack: [0x00000000576e0000,0x00000000577e0000]
[error occurred during error reporting (printing stack bounds), id 0xc0000005]

Native frames: (J=compiled Java code, j=interpreted, Vv=VM code, C=native code)


Current CompileTask:
C1:    123  103   !   3       java.lang.ClassLoader::loadClass (122 bytes)


---------------  P R O C E S S  ---------------

Java Threads: ( => current thread )
  0x000000000748b000 JavaThread "Service Thread" daemon [_thread_blocked, id=46440, stack(0x00000000579f0000,0x0000000057af0000)]
=>0x0000000007428000 JavaThread "C1 CompilerThread2" daemon [_thread_in_native, id=46600, stack(0x00000000576e0000,0x00000000577e0000)]
  0x0000000007427000 JavaThread "C2 CompilerThread1" daemon [_thread_blocked, id=41680, stack(0x00000000577f0000,0x00000000578f0000)]
  0x000000000741b000 JavaThread "C2 CompilerThread0" daemon [_thread_in_native, id=46700, stack(0x0000000057580000,0x0000000057680000)]
  0x0000000007419800 JavaThread "Attach Listener" daemon [_thread_blocked, id=47056, stack(0x0000000007a40000,0x0000000007b40000)]
  0x0000000007418800 JavaThread "Signal Dispatcher" daemon [_thread_blocked, id=46956, stack(0x0000000007900000,0x0000000007a00000)]
  0x0000000005f57000 JavaThread "Finalizer" daemon [_thread_blocked, id=46588, stack(0x0000000007310000,0x0000000007410000)]
  0x0000000005f0f800 JavaThread "Reference Handler" daemon [_thread_blocked, id=19524, stack(0x00000000071d0000,0x00000000072d0000)]
  0x000000000253e800 JavaThread "main" [_thread_in_vm, id=45456, stack(0x0000000002580000,0x0000000002680000)]

Other Threads:
  0x0000000005f08000 VMThread [stack: 0x0000000007070000,0x0000000007170000] [id=47060]
  0x000000000748f800 WatcherThread [stack: 0x0000000057b10000,0x0000000057c10000] [id=46644]

VM state:not at safepoint (normal execution)

VM Mutex/Monitor currently owned by a thread: None

Heap:
 PSYoungGen      total 38400K, used 3328K [0x00000000eab00000, 0x00000000ed580000, 0x0000000100000000)
  eden space 33280K, 10% used [0x00000000eab00000,0x00000000eae400b8,0x00000000ecb80000)
  from space 5120K, 0% used [0x00000000ed080000,0x00000000ed080000,0x00000000ed580000)
  to   space 5120K, 0% used [0x00000000ecb80000,0x00000000ecb80000,0x00000000ed080000)
 ParOldGen       total 87552K, used 0K [0x00000000c0000000, 0x00000000c5580000, 0x00000000eab00000)
  object space 87552K, 0% used [0x00000000c0000000,0x00000000c0000000,0x00000000c5580000)
 Metaspace       used 3469K, capacity 4880K, committed 5120K, reserved 1056768K
  class space    used 374K, capacity 456K, committed 512K, reserved 1048576K

Card table byte_map: [0x0000000002a40000,0x0000000002c50000] byte_map_base: 0x0000000002440000

Marking Bits: (ParMarkBitMap*) 0x00000000083b9d00
 Begin Bits: [0x0000000003380000, 0x0000000004380000)
 End Bits:   [0x0000000004380000, 0x0000000005380000)

Polling page: 0x0000000000330000

CodeCache: size=245760Kb used=1236Kb max_used=1236Kb free=244523Kb
 bounds [0x0000000008440000, 0x00000000086b0000, 0x0000000017440000]
 total_blobs=347 nmethods=101 adapters=160
 compilation: enabled

Compilation events (10 events):
Event: 0.121 Thread 0x0000000007428000   98  s    3       sun.misc.PerfCounter::get (9 bytes)
Event: 0.121 Thread 0x0000000007428000 nmethod 98 0x0000000008574410 code [0x0000000008574580, 0x0000000008574908]
Event: 0.121 Thread 0x0000000007428000   99       3       java.lang.Character::toUpperCase (6 bytes)
Event: 0.121 Thread 0x0000000007428000 nmethod 99 0x0000000008574a10 code [0x0000000008574b80, 0x0000000008574e18]
Event: 0.121 Thread 0x0000000007428000  100       1       sun.misc.URLClassPath$JarLoader::access$600 (5 bytes)
Event: 0.121 Thread 0x000000000741b000  102       4       java.lang.String::indexOf (70 bytes)
Event: 0.121 Thread 0x0000000007428000 nmethod 100 0x0000000008574f50 code [0x00000000085750a0, 0x0000000008575190]
Event: 0.121 Thread 0x0000000007428000  101       1       java.security.CodeSource::getLocation (5 bytes)
Event: 0.121 Thread 0x0000000007428000 nmethod 101 0x0000000008575210 code [0x0000000008575360, 0x0000000008575470]
Event: 0.122 Thread 0x0000000007428000  103   !   3       java.lang.ClassLoader::loadClass (122 bytes)

GC Heap History (0 events):
No events

Deoptimization events (0 events):
No events

Internal exceptions (2 events):
Event: 0.034 Thread 0x000000000253e800 Exception <a 'java/lang/NoSuchMethodError': Method sun.misc.Unsafe.defineClass(Ljava/lang/String;[BII)Ljava/lang/Class; name or signature does not match> (0x00000000eab07cc0) thrown at [C:\src\android\AOSP-openjdk\external\jetbrains\jdk\hotspot\src\share\vè·èïõ€¡?
Event: 0.034 Thread 0x000000000253e800 Exception <a 'java/lang/NoSuchMethodError': Method sun.misc.Unsafe.prefetchRead(Ljava/lang/Object;J)V name or signature does not match> (0x00000000eab07fa8) thrown at [C:\src\android\AOSP-openjdk\external\jetbrains\jdk\hotspot\src\share\vm\prims\jni.cpp, l

Events (10 events):
Event: 0.122 loading class com/android/dx/rop/cst/CstLong
Event: 0.122 loading class com/android/dx/rop/cst/CstLong done
Event: 0.122 loading class com/android/dx/rop/cst/CstLiteral64
Event: 0.122 loading class com/android/dx/rop/cst/CstLiteral64 done
Event: 0.122 loading class com/android/dx/rop/cst/CstDouble
Event: 0.122 loading class com/android/dx/rop/cst/CstDouble done
Event: 0.122 loading class com/android/dx/rop/cst/CstFieldRef
Event: 0.122 loading class com/android/dx/rop/cst/CstFieldRef done
Event: 0.123 loading class com/android/dx/rop/cst/CstMemberRef
Event: 0.123 loading class com/android/dx/rop/cst/CstMemberRef done


Dynamic libraries:
0x000000013f120000 - 0x000000013f151000 	C:\sofrware\Android\Android Studio\jre\bin\java.exe
0x0000000077660000 - 0x0000000077809000 	C:\Windows\SYSTEM32\ntdll.dll
0x0000000077440000 - 0x000000007755f000 	C:\Windows\system32\kernel32.dll
0x000007fefd7d0000 - 0x000007fefd83b000 	C:\Windows\system32\KERNELBASE.dll
0x000007fefe390000 - 0x000007fefe46b000 	C:\Windows\system32\ADVAPI32.dll
0x000007fefdfb0000 - 0x000007fefe04f000 	C:\Windows\system32\msvcrt.dll
0x000007feff710000 - 0x000007feff72f000 	C:\Windows\SYSTEM32\sechost.dll
0x000007fefe130000 - 0x000007fefe25d000 	C:\Windows\system32\RPCRT4.dll
0x0000000077560000 - 0x000000007765a000 	C:\Windows\system32\USER32.dll
0x000007fefdf40000 - 0x000007fefdfa7000 	C:\Windows\system32\GDI32.dll
0x000007fefe050000 - 0x000007fefe05e000 	C:\Windows\system32\LPK.dll
0x000007fefe060000 - 0x000007fefe129000 	C:\Windows\system32\USP10.dll
0x000007fefc080000 - 0x000007fefc274000 	C:\Windows\WinSxS\amd64_microsoft.windows.common-controls_6595b64144ccf1df_6.0.7601.17514_none_fa396087175ac9ac\COMCTL32.dll
0x000007feff690000 - 0x000007feff701000 	C:\Windows\system32\SHLWAPI.dll
0x000007feff940000 - 0x000007feff96e000 	C:\Windows\system32\IMM32.DLL
0x000007fefe280000 - 0x000007fefe389000 	C:\Windows\system32\MSCTF.dll
0x000000006f440000 - 0x000000006f512000 	C:\sofrware\Android\Android Studio\jre\jre\bin\msvcr100.dll
0x0000000007c00000 - 0x0000000008434000 	C:\sofrware\Android\Android Studio\jre\jre\bin\server\jvm.dll
0x000007fefae10000 - 0x000007fefae19000 	C:\Windows\system32\WSOCK32.dll
0x000007fefdbe0000 - 0x000007fefdc2d000 	C:\Windows\system32\WS2_32.dll
0x000007fefe7f0000 - 0x000007fefe7f8000 	C:\Windows\system32\NSI.dll
0x000007fef9570000 - 0x000007fef95ab000 	C:\Windows\system32\WINMM.dll
0x000007fefc710000 - 0x000007fefc71c000 	C:\Windows\system32\VERSION.dll
0x0000000077830000 - 0x0000000077837000 	C:\Windows\system32\PSAPI.DLL
0x000007fefae00000 - 0x000007fefae0f000 	C:\sofrware\Android\Android Studio\jre\jre\bin\verify.dll
0x000007fefac00000 - 0x000007fefac29000 	C:\sofrware\Android\Android Studio\jre\jre\bin\java.dll
0x000007fefa530000 - 0x000007fefa546000 	C:\sofrware\Android\Android Studio\jre\jre\bin\zip.dll
0x000007fefe900000 - 0x000007feff688000 	C:\Windows\system32\SHELL32.dll
0x000007feff730000 - 0x000007feff933000 	C:\Windows\system32\ole32.dll
0x000007fefd5b0000 - 0x000007fefd5bf000 	C:\Windows\system32\profapi.dll

VM Arguments:
jvm_args: -Djava.awt.headless=true -Xmx1024M -Dfile.encoding=GBK -Duser.country=CN -Duser.language=zh -Duser.variant 
java_command: com.android.dx.command.Main --dex --num-threads=4 --output C:\sofrware\workspace\VRmc\app\build\intermediates\pre-dexed\debug\com.android.support-support-vector-drawable-24.2.1_5848cc6f311d984570614bf3aa6165af4b6132f7.jar C:\sofrware\workspace\VRmc\app\build\intermediates\exploded-aar\com.android.support\support-vector-drawable\24.2.1\jars\classes.jar
java_class_path (initial): C:\sofrware\Android\sdk\build-tools\23.0.3\lib\dx.jar
Launcher Type: SUN_STANDARD

Environment Variables:
PATH=C:\Program Files\Java\jdk1.8.0_121\bin;C:\Windows\system32;C:\Windows;C:\Windows\System32\Wbem;C:\Windows\System32\WindowsPowerShell\v1.0\;C:\Program Files (x86)\NVIDIA Corporation\PhysX\Common;C:\Program Files\TortoiseSVN\bin;C:\Program Files\VisualSVN Server\bin
USERNAME=raytine
OS=Windows_NT
PROCESSOR_IDENTIFIER=Intel64 Family 6 Model 94 Stepping 3, GenuineIntel



---------------  S Y S T E M  ---------------

OS: Windows 7 , 64 bit Build 7601 (6.1.7601.17514)

CPU:total 4 (4 cores per cpu, 1 threads per core) family 6 model 94 stepping 3, cmov, cx8, fxsr, mmx, sse, sse2, sse3, ssse3, sse4.1, sse4.2, popcnt, avx, avx2, aes, clmul, erms, rtm, 3dnowpref, lzcnt, tsc, tscinvbit, bmi1, bmi2, adx

Memory: 4k page, physical 8339628k(764684k free), swap 10434936k(5092k free)

vm_info: OpenJDK 64-Bit Server VM (25.76-b03) for windows-amd64 JRE (1.8.0_76-release-b03), built on Jun 29 2016 19:09:20 by "ralucas" with MS VC++ 10.0 (VS2010)

time: Wed Mar 15 18:29:46 2017
elapsed time: 0 seconds (0d 0h 0m 0s)

