#
# There is insufficient memory for the Java Runtime Environment to continue.
# Native memory allocation (malloc) failed to allocate 396496 bytes for Chunk::new
# Possible reasons:
#   The system is out of physical RAM or swap space
#   In 32 bit mode, the process size limit was hit
# Possible solutions:
#   Reduce memory load on the system
#   Increase physical memory or swap space
#   Check if swap backing store is full
#   Use 64 bit Java on a 64 bit OS
#   Decrease Java heap size (-Xmx/-Xms)
#   Decrease number of Java threads
#   Decrease Java thread stack sizes (-Xss)
#   Set larger code cache with -XX:ReservedCodeCacheSize=
# This output file may be truncated or incomplete.
#
#  Out of Memory Error (allocation.cpp:390), pid=46400, tid=0x000000000000ace8
#
# JRE version: OpenJDK Runtime Environment (8.0_76-b03) (build 1.8.0_76-release-b03)
# Java VM: OpenJDK 64-Bit Server VM (25.76-b03 mixed mode windows-amd64 compressed oops)
# Failed to write core dump. Minidumps are not enabled by default on client versions of Windows
#

---------------  T H R E A D  ---------------

Current thread (0x0000000007431000):  JavaThread "C2 CompilerThread0" daemon [_thread_in_native, id=44264, stack(0x0000000057580000,0x0000000057680000)]

Stack: [0x0000000057580000,0x0000000057680000]
[error occurred during error reporting (printing stack bounds), id 0xc0000005]

Native frames: (J=compiled Java code, j=interpreted, Vv=VM code, C=native code)


Current CompileTask:
C2:    899 1282   !   4       com.android.dx.cf.code.BytecodeArray::parseInstruction (2764 bytes)


---------------  P R O C E S S  ---------------

Java Threads: ( => current thread )
  0x00000000076e3800 JavaThread "pool-1-thread-4" [_thread_blocked, id=46572, stack(0x0000000057fa0000,0x00000000580a0000)]
  0x0000000007675800 JavaThread "pool-1-thread-3" [_thread_blocked, id=46936, stack(0x00000000580d0000,0x00000000581d0000)]
  0x0000000007666000 JavaThread "pool-1-thread-2" [_thread_blocked, id=46564, stack(0x0000000057d30000,0x0000000057e30000)]
  0x0000000007665000 JavaThread "pool-2-thread-1" [_thread_blocked, id=46772, stack(0x0000000057e90000,0x0000000057f90000)]
  0x0000000007661800 JavaThread "pool-1-thread-1" [_thread_blocked, id=44092, stack(0x0000000057ab0000,0x0000000057bb0000)]
  0x00000000074a5800 JavaThread "Service Thread" daemon [_thread_blocked, id=46656, stack(0x0000000057870000,0x0000000057970000)]
  0x0000000007489000 JavaThread "C1 CompilerThread2" daemon [_thread_blocked, id=46800, stack(0x0000000057980000,0x0000000057a80000)]
  0x0000000007488800 JavaThread "C2 CompilerThread1" daemon [_thread_in_native, id=46612, stack(0x0000000057770000,0x0000000057870000)]
=>0x0000000007431000 JavaThread "C2 CompilerThread0" daemon [_thread_in_native, id=44264, stack(0x0000000057580000,0x0000000057680000)]
  0x000000000742d800 JavaThread "Attach Listener" daemon [_thread_blocked, id=45352, stack(0x0000000007ad0000,0x0000000007bd0000)]
  0x000000000742c800 JavaThread "Signal Dispatcher" daemon [_thread_blocked, id=46120, stack(0x00000000078d0000,0x00000000079d0000)]
  0x0000000006121000 JavaThread "Finalizer" daemon [_thread_blocked, id=46136, stack(0x0000000007320000,0x0000000007420000)]
  0x00000000060df800 JavaThread "Reference Handler" daemon [_thread_blocked, id=46744, stack(0x0000000007200000,0x0000000007300000)]
  0x000000000026e800 JavaThread "main" [_thread_blocked, id=45668, stack(0x0000000002650000,0x0000000002750000)]

Other Threads:
  0x00000000060d8000 VMThread [stack: 0x00000000070b0000,0x00000000071b0000] [id=46432]
  0x00000000074b8800 WatcherThread [stack: 0x0000000057c10000,0x0000000057d10000] [id=46108]

VM state:not at safepoint (normal execution)

VM Mutex/Monitor currently owned by a thread: None

Heap:
 PSYoungGen      total 38400K, used 10711K [0x00000000eab00000, 0x00000000ed580000, 0x0000000100000000)
  eden space 33280K, 16% used [0x00000000eab00000,0x00000000eb075e28,0x00000000ecb80000)
  from space 5120K, 99% used [0x00000000ecb80000,0x00000000ed07ffc0,0x00000000ed080000)
  to   space 5120K, 0% used [0x00000000ed080000,0x00000000ed080000,0x00000000ed580000)
 ParOldGen       total 87552K, used 1369K [0x00000000c0000000, 0x00000000c5580000, 0x00000000eab00000)
  object space 87552K, 1% used [0x00000000c0000000,0x00000000c0156418,0x00000000c5580000)
 Metaspace       used 5978K, capacity 6896K, committed 7040K, reserved 1056768K
  class space    used 577K, capacity 616K, committed 640K, reserved 1048576K

Card table byte_map: [0x0000000002b10000,0x0000000002d20000] byte_map_base: 0x0000000002510000

Marking Bits: (ParMarkBitMap*) 0x00000000083b9d00
 Begin Bits: [0x0000000003550000, 0x0000000004550000)
 End Bits:   [0x0000000004550000, 0x0000000005550000)

Polling page: 0x0000000000230000

CodeCache: size=245760Kb used=4592Kb max_used=4592Kb free=241167Kb
 bounds [0x0000000008440000, 0x00000000088c0000, 0x0000000017440000]
 total_blobs=1558 nmethods=1287 adapters=184
 compilation: disabled (not enough contiguous free space left)

Compilation events (10 events):
Event: 0.882 Thread 0x0000000007489000 1309       3       com.android.dx.rop.code.ThrowingInsn::accept (8 bytes)
Event: 0.882 Thread 0x0000000007489000 nmethod 1309 0x00000000088b2850 code [0x00000000088b29c0, 0x00000000088b2be8]
Event: 0.882 Thread 0x0000000007489000 1314       3       com.android.dx.rop.cst.CstFieldRef::getType (8 bytes)
Event: 0.882 Thread 0x0000000007489000 nmethod 1314 0x00000000088b2250 code [0x00000000088b23c0, 0x00000000088b2748]
Event: 0.882 Thread 0x0000000007489000 1316       3       com.android.dx.ssa.SsaMethod$2::visitPhiInsn (6 bytes)
Event: 0.882 Thread 0x0000000007489000 nmethod 1316 0x00000000088b1ed0 code [0x00000000088b2040, 0x00000000088b21c8]
Event: 0.882 Thread 0x0000000007489000 1299       1       sun.util.calendar.CalendarDate::getSeconds (5 bytes)
Event: 0.882 Thread 0x0000000007489000 nmethod 1299 0x00000000088ac250 code [0x00000000088ac3a0, 0x00000000088ac4b0]
Event: 0.882 Thread 0x0000000007489000 1300       1       sun.util.calendar.CalendarDate::getMillis (5 bytes)
Event: 0.882 Thread 0x0000000007489000 nmethod 1300 0x00000000088b1c10 code [0x00000000088b1d60, 0x00000000088b1e70]

GC Heap History (2 events):
Event: 0.609 GC heap before
{Heap before GC invocations=1 (full 0):
 PSYoungGen      total 38400K, used 33280K [0x00000000eab00000, 0x00000000ed580000, 0x0000000100000000)
  eden space 33280K, 100% used [0x00000000eab00000,0x00000000ecb80000,0x00000000ecb80000)
  from space 5120K, 0% used [0x00000000ed080000,0x00000000ed080000,0x00000000ed580000)
  to   space 5120K, 0% used [0x00000000ecb80000,0x00000000ecb80000,0x00000000ed080000)
 ParOldGen       total 87552K, used 0K [0x00000000c0000000, 0x00000000c5580000, 0x00000000eab00000)
  object space 87552K, 0% used [0x00000000c0000000,0x00000000c0000000,0x00000000c5580000)
 Metaspace       used 5921K, capacity 6896K, committed 7040K, reserved 1056768K
  class space    used 577K, capacity 616K, committed 640K, reserved 1048576K
Event: 0.664 GC heap after
Heap after GC invocations=1 (full 0):
 PSYoungGen      total 38400K, used 5119K [0x00000000eab00000, 0x00000000ed580000, 0x0000000100000000)
  eden space 33280K, 0% used [0x00000000eab00000,0x00000000eab00000,0x00000000ecb80000)
  from space 5120K, 99% used [0x00000000ecb80000,0x00000000ed07ffc0,0x00000000ed080000)
  to   space 5120K, 0% used [0x00000000ed080000,0x00000000ed080000,0x00000000ed580000)
 ParOldGen       total 87552K, used 1369K [0x00000000c0000000, 0x00000000c5580000, 0x00000000eab00000)
  object space 87552K, 1% used [0x00000000c0000000,0x00000000c0156418,0x00000000c5580000)
 Metaspace       used 5921K, capacity 6896K, committed 7040K, reserved 1056768K
  class space    used 577K, capacity 616K, committed 640K, reserved 1048576K
}

Deoptimization events (8 events):
Event: 0.126 Thread 0x000000000026e800 Uncommon trap: reason=unstable_if action=reinterpret pc=0x0000000008570880 method=java.lang.String.indexOf(II)I @ 49
Event: 0.244 Thread 0x000000000026e800 Uncommon trap: reason=unstable_if action=reinterpret pc=0x000000000861c9d0 method=java.lang.String.<init>([CII)V @ 18
Event: 0.286 Thread 0x0000000007666000 Uncommon trap: reason=unstable_if action=reinterpret pc=0x0000000008652060 method=java.util.BitSet.nextSetBit(I)I @ 87
Event: 0.324 Thread 0x0000000007666000 Uncommon trap: reason=unstable_if action=reinterpret pc=0x000000000865608c method=java.util.HashMap.getNode(ILjava/lang/Object;)Ljava/util/HashMap$Node; @ 129
Event: 0.445 Thread 0x000000000026e800 Uncommon trap: reason=unstable_if action=reinterpret pc=0x000000000866f7e4 method=java.util.BitSet.ensureCapacity(I)V @ 6
Event: 0.455 Thread 0x0000000007666000 Uncommon trap: reason=null_check action=make_not_entrant pc=0x000000000870137c method=com.android.dx.ssa.SsaRenamer.getLocalForNewReg(I)Lcom/android/dx/rop/code/LocalItem; @ 19
Event: 0.566 Thread 0x0000000007661800 Uncommon trap: reason=null_check action=make_not_entrant pc=0x00000000087aab08 method=com.android.dx.ssa.SsaRenamer.getLocalForNewReg(I)Lcom/android/dx/rop/code/LocalItem; @ 19
Event: 0.576 Thread 0x0000000007666000 Uncommon trap: reason=unstable_if action=reinterpret pc=0x000000000868704c method=com.android.dx.rop.code.RegisterSpec.equals(ILcom/android/dx/rop/type/TypeBearer;Lcom/android/dx/rop/code/LocalItem;)Z @ 16

Internal exceptions (4 events):
Event: 0.018 Thread 0x000000000026e800 Exception <a 'java/lang/NoSuchMethodError': Method sun.misc.Unsafe.defineClass(Ljava/lang/String;[BII)Ljava/lang/Class; name or signature does not match> (0x00000000eab07cc0) thrown at [C:\src\android\AOSP-openjdk\external\jetbrains\jdk\hotspot\src\share\v&]è„jû’?
Event: 0.019 Thread 0x000000000026e800 Exception <a 'java/lang/NoSuchMethodError': Method sun.misc.Unsafe.prefetchRead(Ljava/lang/Object;J)V name or signature does not match> (0x00000000eab07fa8) thrown at [C:\src\android\AOSP-openjdk\external\jetbrains\jdk\hotspot\src\share\vm\prims\jni.cpp, l—B¦€/"Ý?
Event: 0.455 Thread 0x0000000007666000 Implicit null exception at 0x00000000086ff0e5 to 0x000000000870135d
Event: 0.566 Thread 0x0000000007661800 Implicit null exception at 0x00000000087a84e4 to 0x00000000087aaabd

Events (10 events):
Event: 0.576 Thread 0x0000000007666000 DEOPT PACKING pc=0x000000000868704c sp=0x0000000057e2e8e0
Event: 0.576 Thread 0x0000000007666000 DEOPT UNPACKING pc=0x000000000848556a sp=0x0000000057e2e6b8 mode 2
Event: 0.599 Thread 0x0000000007666000 DEOPT PACKING pc=0x000000000879036b sp=0x0000000057e2e890
Event: 0.599 Thread 0x0000000007666000 DEOPT UNPACKING pc=0x00000000084875bf sp=0x0000000057e2e628 mode 0
Event: 0.600 Executing VM operation: ForceSafepoint
Event: 0.600 Executing VM operation: ForceSafepoint done
Event: 0.609 Executing VM operation: ParallelGCFailedAllocation
Event: 0.664 Executing VM operation: ParallelGCFailedAllocation done
Event: 0.724 loading class com/android/dx/cf/attrib/AttAnnotationDefault
Event: 0.724 loading class com/android/dx/cf/attrib/AttAnnotationDefault done


Dynamic libraries:
0x000000013f120000 - 0x000000013f151000 	C:\sofrware\Android\Android Studio\jre\bin\java.exe
0x0000000077660000 - 0x0000000077809000 	C:\Windows\SYSTEM32\ntdll.dll
0x0000000077440000 - 0x000000007755f000 	C:\Windows\system32\kernel32.dll
0x000007fefd7d0000 - 0x000007fefd83b000 	C:\Windows\system32\KERNELBASE.dll
0x000007fefe390000 - 0x000007fefe46b000 	C:\Windows\system32\ADVAPI32.dll
0x000007fefdfb0000 - 0x000007fefe04f000 	C:\Windows\system32\msvcrt.dll
0x000007feff710000 - 0x000007feff72f000 	C:\Windows\SYSTEM32\sechost.dll
0x000007fefe130000 - 0x000007fefe25d000 	C:\Windows\system32\RPCRT4.dll
0x0000000077560000 - 0x000000007765a000 	C:\Windows\system32\USER32.dll
0x000007fefdf40000 - 0x000007fefdfa7000 	C:\Windows\system32\GDI32.dll
0x000007fefe050000 - 0x000007fefe05e000 	C:\Windows\system32\LPK.dll
0x000007fefe060000 - 0x000007fefe129000 	C:\Windows\system32\USP10.dll
0x000007fefc080000 - 0x000007fefc274000 	C:\Windows\WinSxS\amd64_microsoft.windows.common-controls_6595b64144ccf1df_6.0.7601.17514_none_fa396087175ac9ac\COMCTL32.dll
0x000007feff690000 - 0x000007feff701000 	C:\Windows\system32\SHLWAPI.dll
0x000007feff940000 - 0x000007feff96e000 	C:\Windows\system32\IMM32.DLL
0x000007fefe280000 - 0x000007fefe389000 	C:\Windows\system32\MSCTF.dll
0x000000006f440000 - 0x000000006f512000 	C:\sofrware\Android\Android Studio\jre\jre\bin\msvcr100.dll
0x0000000007c00000 - 0x0000000008434000 	C:\sofrware\Android\Android Studio\jre\jre\bin\server\jvm.dll
0x000007fefae10000 - 0x000007fefae19000 	C:\Windows\system32\WSOCK32.dll
0x000007fefdbe0000 - 0x000007fefdc2d000 	C:\Windows\system32\WS2_32.dll
0x000007fefe7f0000 - 0x000007fefe7f8000 	C:\Windows\system32\NSI.dll
0x000007fef9570000 - 0x000007fef95ab000 	C:\Windows\system32\WINMM.dll
0x000007fefc710000 - 0x000007fefc71c000 	C:\Windows\system32\VERSION.dll
0x0000000077830000 - 0x0000000077837000 	C:\Windows\system32\PSAPI.DLL
0x000007fefae00000 - 0x000007fefae0f000 	C:\sofrware\Android\Android Studio\jre\jre\bin\verify.dll
0x000007fefac00000 - 0x000007fefac29000 	C:\sofrware\Android\Android Studio\jre\jre\bin\java.dll
0x000007fefa530000 - 0x000007fefa546000 	C:\sofrware\Android\Android Studio\jre\jre\bin\zip.dll
0x000007fefe900000 - 0x000007feff688000 	C:\Windows\system32\SHELL32.dll
0x000007feff730000 - 0x000007feff933000 	C:\Windows\system32\ole32.dll
0x000007fefd5b0000 - 0x000007fefd5bf000 	C:\Windows\system32\profapi.dll

VM Arguments:
jvm_args: -Djava.awt.headless=true -Xmx1024M -Dfile.encoding=GBK -Duser.country=CN -Duser.language=zh -Duser.variant 
java_command: com.android.dx.command.Main --dex --num-threads=4 --output C:\sofrware\workspace\VRmc\app\build\intermediates\pre-dexed\debug\gson-2.8.0_aac11a77d5f6a6ee6034f70acc4ea81c6119fb0a.jar C:\Users\raytine\.gradle\caches\modules-2\files-2.1\com.google.code.gson\gson\2.8.0\c4ba5371a29ac9b2ad6129b1d39ea38750043eff\gson-2.8.0.jar
java_class_path (initial): C:\sofrware\Android\sdk\build-tools\23.0.3\lib\dx.jar
Launcher Type: SUN_STANDARD

Environment Variables:
PATH=C:\Program Files\Java\jdk1.8.0_121\bin;C:\Windows\system32;C:\Windows;C:\Windows\System32\Wbem;C:\Windows\System32\WindowsPowerShell\v1.0\;C:\Program Files (x86)\NVIDIA Corporation\PhysX\Common;C:\Program Files\TortoiseSVN\bin;C:\Program Files\VisualSVN Server\bin
USERNAME=raytine
OS=Windows_NT
PROCESSOR_IDENTIFIER=Intel64 Family 6 Model 94 Stepping 3, GenuineIntel



---------------  S Y S T E M  ---------------

OS: Windows 7 , 64 bit Build 7601 (6.1.7601.17514)

CPU:total 4 (4 cores per cpu, 1 threads per core) family 6 model 94 stepping 3, cmov, cx8, fxsr, mmx, sse, sse2, sse3, ssse3, sse4.1, sse4.2, popcnt, avx, avx2, aes, clmul, erms, rtm, 3dnowpref, lzcnt, tsc, tscinvbit, bmi1, bmi2, adx

Memory: 4k page, physical 8339628k(686860k free), swap 10434936k(5116k free)

vm_info: OpenJDK 64-Bit Server VM (25.76-b03) for windows-amd64 JRE (1.8.0_76-release-b03), built on Jun 29 2016 19:09:20 by "ralucas" with MS VC++ 10.0 (VS2010)

time: Wed Mar 15 18:29:47 2017
elapsed time: 0 seconds (0d 0h 0m 0s)

